[debug] [2018-07-08T10:16:45.565Z] ----------------------------------------------------------------------
[debug] [2018-07-08T10:16:45.569Z] Command:       /usr/bin/node /usr/local/bin/firebase deploy
[debug] [2018-07-08T10:16:45.569Z] CLI Version:   3.19.3
[debug] [2018-07-08T10:16:45.570Z] Platform:      linux
[debug] [2018-07-08T10:16:45.570Z] Node Version:  v8.10.0
[debug] [2018-07-08T10:16:45.570Z] Time:          Sun Jul 08 2018 17:16:45 GMT+0700 (+07)
[debug] [2018-07-08T10:16:45.570Z] ----------------------------------------------------------------------
[debug] 
[debug] [2018-07-08T10:16:45.586Z] > command requires scopes: ["email","openid","https://www.googleapis.com/auth/cloudplatformprojects.readonly","https://www.googleapis.com/auth/firebase","https://www.googleapis.com/auth/cloud-platform"]
[debug] [2018-07-08T10:16:45.586Z] > authorizing via signed-in user
[debug] [2018-07-08T10:16:45.590Z] >>> HTTP REQUEST GET https://admin.firebase.com/v1/projects/rnkm-cu102  
  
 Sun Jul 08 2018 17:16:45 GMT+0700 (+07)
[debug] [2018-07-08T10:16:46.826Z] <<< HTTP RESPONSE 200
[debug] [2018-07-08T10:16:46.828Z] >>> HTTP REQUEST GET https://admin.firebase.com/v1/database/rnkm-cu102/tokens  
  
 Sun Jul 08 2018 17:16:46 GMT+0700 (+07)
[debug] [2018-07-08T10:16:48.057Z] <<< HTTP RESPONSE 200
[info] 
[info] === Deploying to 'rnkm-cu102'...
[info] 
[info] i  deploying database, storage, functions, hosting
[info] i  database: checking rules syntax...
[debug] [2018-07-08T10:16:53.494Z] >>> HTTP REQUEST PUT https://rnkm-cu102.firebaseio.com/.settings/rules.json?dryRun=true  
 {
  "rules": {
    ".read": "auth != null",
    ".write": "auth != null"
  }
} 
 Sun Jul 08 2018 17:16:53 GMT+0700 (+07)
[debug] [2018-07-08T10:16:53.501Z] Error: write EIO
    at _errnoException (util.js:1022:11)
    at WriteWrap.afterWrite [as oncomplete] (net.js:880:14)
[error] 
[error] Error: An unexpected error has occurred.
[debug] [2018-07-08T10:16:53.503Z] Error: write EIO
    at _errnoException (util.js:1022:11)
    at WriteWrap.afterWrite [as oncomplete] (net.js:880:14)
[error] 
[error] Error: An unexpected error has occurred.
